<?xml version="1.0" encoding="UTF-8"?>
<testsuite xmlns:xsi="http://www.w3.org/2001/XMLSchema-instance" xsi:noNamespaceSchemaLocation="https://maven.apache.org/surefire/maven-surefire-plugin/xsd/surefire-test-report.xsd" name="de.stl.saar.internetentw1.MyMathTest" time="0.032" tests="2" errors="0" skipped="0" failures="0">
  <properties>
[...]
</properties>
  <testcase name="add1" classname="de.stl.saar.internetentw1.MyMathTest" time="0.004"/>
  <testcase name="add2" classname="de.stl.saar.internetentw1.MyMathTest" time="0"/>
</testsuite>